<?xml version="1.0" encoding="UTF-8"?>
<testsuite xmlns:xsi="http://www.w3.org/2001/XMLSchema-instance" xsi:noNamespaceSchemaLocation="https://maven.apache.org/surefire/maven-surefire-plugin/xsd/surefire-test-report-3.0.xsd" version="3.0" name="com.incubyte.StringCalculatorTest" time="0.11" tests="12" errors="0" skipped="0" failures="0">
  <properties>
[...]
</properties>
  <testcase name="multipleDelimitersShouldBeSupported" classname="com.incubyte.StringCalculatorTest" time="0.052"/>
  <testcase name="singleNegativeNumberShouldThrowException" classname="com.incubyte.StringCalculatorTest" time="0.01"/>
  <testcase name="numbersWithNewlineDelimiterShouldReturnSum" classname="com.incubyte.StringCalculatorTest" time="0.002"/>
  <testcase name="emptyStringShouldReturnZero" classname="com.incubyte.StringCalculatorTest" time="0.001"/>
  <testcase name="multipleNegativeNumbersShouldShowAllInException" classname="com.incubyte.StringCalculatorTest" time="0.001"/>
  <testcase name="multipleNumbersShouldReturnSum" classname="com.incubyte.StringCalculatorTest" time="0.001"/>
  <testcase name="numbersGreaterThanThousandShouldBeIgnored" classname="com.incubyte.StringCalculatorTest" time="0.002"/>
  <testcase name="customDelimiterHashShouldWork" classname="com.incubyte.StringCalculatorTest" time="0.001"/>
  <testcase name="customDelimiterShouldBeSupported" classname="com.incubyte.StringCalculatorTest" time="0.001"/>
  <testcase name="multiCharacterDelimiterShouldBeSupported" classname="com.incubyte.StringCalculatorTest" time="0.001"/>
  <testcase name="twoNumbersShouldReturnSum" classname="com.incubyte.StringCalculatorTest" time="0.001"/>
  <testcase name="singleNumberShouldReturnItself" classname="com.incubyte.StringCalculatorTest" time="0.001"/>
</testsuite>